goal-ish attrs: ['goal_radius', 'goal_region']
goal_region type: Actor
seed       target       intent  succ moved      dx      dy  traj_motion dir_ok            cube_init                 goal
------------------------------------------------------------------------------------------------------------------------
   0 translate_+x translate_+x  True  True   0.128   0.005 translate_+x   True      (-0.001, 0.054)       (0.199, 0.054)
   0 translate_-x translate_-x  True  True  -0.134  -0.017 translate_-x   True      (-0.001, 0.054)      (-0.201, 0.054)
   0 translate_+y translate_+y False  True   0.039   0.086 translate_+y   True      (-0.001, 0.054)      (-0.001, 0.254)
   0 translate_-y translate_-y False  True   0.014  -0.002 translate_+x  False      (-0.001, 0.054)     (-0.001, -0.146)
   1 translate_+x translate_+x  True  True   0.148  -0.003 translate_+x   True      (0.052, -0.044)      (0.252, -0.044)
   1 translate_-x translate_-x  True  True  -0.107  -0.000 translate_-x   True      (0.052, -0.044)     (-0.148, -0.044)
   1 translate_+y translate_+y False  True   0.012  -0.004 translate_+x  False      (0.052, -0.044)       (0.052, 0.156)
   1 translate_-y translate_-y False  True   0.024  -0.000 translate_+x  False      (0.052, -0.044)      (0.052, -0.244)
   2 translate_+x translate_+x  True  True   0.133  -0.003 translate_+x   True      (0.023, -0.024)      (0.223, -0.024)
   2 translate_-x translate_-x  True  True  -0.108  -0.001 translate_-x   True      (0.023, -0.024)     (-0.177, -0.024)
   2 translate_+y translate_+y False  True   0.014  -0.002 translate_+x  False      (0.023, -0.024)       (0.023, 0.176)
   2 translate_-y translate_-y False  True   0.026  -0.020 translate_+x  False      (0.023, -0.024)      (0.023, -0.224)
   7 translate_+x translate_+x  True  True   0.125  -0.004 translate_+x   True       (0.007, -0.06)       (0.207, -0.06)
   7 translate_-x translate_-x  True  True  -0.109  -0.001 translate_-x   True       (0.007, -0.06)      (-0.193, -0.06)
   7 translate_+y translate_+y False  True   0.013  -0.003 translate_+x  False       (0.007, -0.06)        (0.007, 0.14)
   7 translate_-y translate_-y  True  True   0.053  -0.121 translate_-y   True       (0.007, -0.06)       (0.007, -0.26)
  13 translate_+x translate_+x  True  True   0.117  -0.002 translate_+x   True     (-0.082, -0.004)      (0.118, -0.004)
  13 translate_-x translate_-x  True  True  -0.110   0.003 translate_-x   True     (-0.082, -0.004)     (-0.282, -0.004)
  13 translate_+y translate_+y False  True   0.015  -0.003 translate_+x  False     (-0.082, -0.004)      (-0.082, 0.196)
  13 translate_-y translate_-y False  True   0.061  -0.113 translate_-y   True     (-0.082, -0.004)     (-0.082, -0.204)
DIAG DONE
